Arguments: 
  C:\Program Files\nodejs\node.exe C:\Users\Faical\AppData\Roaming\npm\node_modules\yarn\bin\yarn.js add expo-cli

PATH: 
  C:\Users\Faical\bin;C:\Program Files\Git\mingw64\bin;C:\Program Files\Git\usr\local\bin;C:\Program Files\Git\usr\bin;C:\Program Files\Git\usr\bin;C:\Program Files\Git\mingw64\bin;C:\Program Files\Git\usr\bin;C:\Users\Faical\bin;C:\Program Files\Common Files\Oracle\Java\javapath;C:\WINDOWS\system32;C:\WINDOWS;C:\WINDOWS\System32\Wbem;C:\WINDOWS\System32\WindowsPowerShell\v1.0;C:\WINDOWS\System32\OpenSSH;C:\Program Files\Git\cmd;C:\ProgramData\ComposerSetup\bin;%NVM_HOME%;%NVM_SYMLINK%;C:\Program Files (x86)\dotnet;C:\Users\Faical\AppData\Local\Programs\Python\Python310\Scripts;C:\Users\Faical\AppData\Local\Programs\Python\Python310;C:\Users\Faical\AppData\Local\Microsoft\WindowsApps;C:\Users\Faical\AppData\Local\Programs\Microsoft VS Code\bin;C:\Users\Faical\AppData\Local\GitHubDesktop\bin;C:\Users\Faical\AppData\Roaming\npm;C:\php;C:\Users\Faical\AppData\Roaming\Composer\vendor\bin;C:\Program Files\heroku\bin;C:\Users\Faical\AppData\Roaming\nvm;C:\Program Files\nodejs;C:\Program Files\Git\usr\bin\vendor_perl;C:\Program Files\Git\usr\bin\core_perl

Yarn version: 
  1.22.17

Node version: 
  16.15.0

Platform: 
  win32 x64

Trace: 
  Error: self signed certificate in certificate chain
      at TLSSocket.onConnectSecure (node:_tls_wrap:1532:34)
      at TLSSocket.emit (node:events:527:28)
      at TLSSocket._finishInit (node:_tls_wrap:946:8)
      at TLSWrap.ssl.onhandshakedone (node:_tls_wrap:727:12)

npm manifest: 
  {
    "name": "myfastfood",
    "version": "1.0.0",
    "main": "node_modules/expo/AppEntry.js",
    "scripts": {
      "start": "expo start",
      "android": "expo start --android",
      "ios": "expo start --ios",
      "web": "expo start --web"
    },
    "dependencies": {
      "@expo/ngrok": "^2.5.0",
      "babel-plugin-module-resolver": "^3.2.0",
      "eslint": "^8.24.0",
      "eslint-import-resolver-babel-module": "^5.1.0",
      "eslint-plugin-import": "^2.18.2",
      "expo": "~46.0.13",
      "expo-cli": "^6.0.6",
      "expo-status-bar": "~1.4.0",
      "metro-react-native-babel-preset": "^0.72.3",
      "react": "18.0.0",
      "react-dom": "18.0.0",
      "react-native": "0.69.6",
      "react-native-web": "~0.18.7"
    },
    "devDependencies": {
      "@babel/core": "^7.12.9",
      "@types/react": "~18.0.0",
      "@types/react-native": "~0.69.1",
      "typescript": "~4.3.5"
    },
    "private": true
  }

yarn manifest: 
  No manifest

Lockfile: 
  No lockfile
